\BOOKMARK [1][-]{section.1}{Einleitung}{}% 1
\BOOKMARK [2][-]{subsection.1.1}{Projektorganisation}{section.1}% 2
\BOOKMARK [2][-]{subsection.1.2}{Theoretische Grundlagen/ Literaturrecherche}{section.1}% 3
\BOOKMARK [1][-]{section.2}{Aufgaben}{}% 4
\BOOKMARK [2][-]{subsection.2.1}{Vermessung der Solarzelle POW112D2P}{section.2}% 5
\BOOKMARK [3][-]{subsubsection.2.1.1}{Aufnehmen der I-U Kennlinie}{subsection.2.1}% 6
\BOOKMARK [3][-]{subsubsection.2.1.2}{Bestimmung des Maximum-Power-Points \(MPP\)}{subsection.2.1}% 7
\BOOKMARK [3][-]{subsubsection.2.1.3}{MPP-Anpassung}{subsection.2.1}% 8
\BOOKMARK [2][-]{subsection.2.2}{Langzeitmessung}{section.2}% 9
\BOOKMARK [3][-]{subsubsection.2.2.1}{Spannungsverlauf und Leistung}{subsection.2.2}% 10
\BOOKMARK [3][-]{subsubsection.2.2.2}{Energiegewinnung}{subsection.2.2}% 11
\BOOKMARK [2][-]{subsection.2.3}{Energiespeicherung und Verhalten von Solarzellen}{section.2}% 12
\BOOKMARK [3][-]{subsubsection.2.3.1}{Theoretische Betrachtung}{subsection.2.3}% 13
\BOOKMARK [3][-]{subsubsection.2.3.2}{Messung}{subsection.2.3}% 14
\BOOKMARK [3][-]{subsubsection.2.3.3}{Modellbildung}{subsection.2.3}% 15
\BOOKMARK [3][-]{subsubsection.2.3.4}{Gesamtenergie und Wirkungsgrad}{subsection.2.3}% 16
\BOOKMARK [2][-]{subsection.2.4}{Verhalten Photovoltaik mit und ohne Energiespeicher}{section.2}% 17
\BOOKMARK [3][-]{subsubsection.2.4.1}{Messung}{subsection.2.4}% 18
\BOOKMARK [3][-]{subsubsection.2.4.2}{Auswirkung des Speicherkondensators}{subsection.2.4}% 19
\BOOKMARK [1][-]{section.3}{Zusammenfassung}{}% 20
\BOOKMARK [1][-]{section.4}{Literaturverzeichnis}{}% 21
